Removed Member From Class: ClassName=Power Management Member=D8
Change Component Designator: OldDesignator=C28 NewDesignator=C29
Change Component Designator: OldDesignator=C29 NewDesignator=C30
Change Component Designator: OldDesignator=C30 NewDesignator=C31
Change Component Designator: OldDesignator=C31 NewDesignator=C32
Change Component Designator: OldDesignator=C32 NewDesignator=C33
Change Component Designator: OldDesignator=C33 NewDesignator=C34
Change Component Designator: OldDesignator=C34 NewDesignator=C35
Change Component Designator: OldDesignator=C35 NewDesignator=C36
Change Component Designator: OldDesignator=C36 NewDesignator=C37
Change Component Designator: OldDesignator=C37 NewDesignator=C38
Change Component Designator: OldDesignator=C38 NewDesignator=C39
Change Component Designator: OldDesignator=C39 NewDesignator=C40
Change Component Designator: OldDesignator=C40 NewDesignator=C41
Change Component Designator: OldDesignator=C41 NewDesignator=C42
Change Component Designator: OldDesignator=C42 NewDesignator=C43
Change Component Designator: OldDesignator=C43 NewDesignator=C44
Change Component Designator: OldDesignator=C44 NewDesignator=C45
Change Component Designator: OldDesignator=C45 NewDesignator=C46
Change Component Designator: OldDesignator=C46 NewDesignator=C47
Change Component Designator: OldDesignator=D2 NewDesignator=D3
Change Component Designator: OldDesignator=D3 NewDesignator=D4
Change Component Designator: OldDesignator=D4 NewDesignator=D5
Change Component Designator: OldDesignator=D5 NewDesignator=D6
Change Component Designator: OldDesignator=D6 NewDesignator=D7
Change Component Designator: OldDesignator=D7 NewDesignator=D8
Change Component Designator: OldDesignator=D8 NewDesignator=D2
Change Component Description : Designator=L1 Old Description=Power Inductor, Aec-Q200, 47Uh, 0.39A Rohs Compliant: Yes New Description=Power Inductor, Aec-Q200, 47Uh, 0.39A Rohs Compliant: Yes |Wurth Elektronik 78438335470
Added Component: Designator=C28(CAP_0603)
Add component (AddParameter): Name = "Case/Package"; Value = "0603"; VariantName = "[No Variations]"
Added Pin To Net: NetName=GND Pin=C28-1
Added Pin To Net: NetName=3V3DC Pin=C28-2
Add Pin To Net: Unknown Pin: Pin R10-1
Add Pin To Net: Unknown Pin: Pin R10-2
Add Pin To Net: Unknown Pin: Pin R11-1
Add Pin To Net: Unknown Pin: Pin R11-2
Change Net Name : Old Net Name=NetC32_1 New Net Name=NetC33_1
Change Net Name : Old Net Name=NetC32_2 New Net Name=NetC33_2
Change Net Name : Old Net Name=NetC33_1 New Net Name=NetC34_1
Change Net Name : Old Net Name=NetC34_2 New Net Name=NetC35_2
Change Net Name : Old Net Name=NetC35_2 New Net Name=NetC36_2
Change Net Name : Old Net Name=NetC36_1 New Net Name=NetC37_1
Change Net Name : Old Net Name=NetC36_2 New Net Name=NetC37_2
Change Net Name : Old Net Name=NetC38_2 New Net Name=NetC39_2
Change Net Name : Old Net Name=NetC39_2 New Net Name=NetC40_2
Change Net Name : Old Net Name=NetC41_1 New Net Name=NetC42_1
Change Net Name : Old Net Name=NetD2_2 New Net Name=NetD3_2
Change Net Name : Old Net Name=NetD3_2 New Net Name=NetD4_2
Change Net Name : Old Net Name=NetD4_2 New Net Name=NetD5_2
Change Net Name : Old Net Name=NetD6_1 New Net Name=NetD7_1
Change Net Name : Old Net Name=NetD6_2 New Net Name=NetD7_2
Change Net Name : Old Net Name=NetD7_1 New Net Name=NetD8_1
Change Net Name : Old Net Name=NetD7_2 New Net Name=NetD8_2
Added Member To Class: ClassName=Microcontroller Member=Component C32 CAP CER 100nF 0603
Added Member To Class: ClassName=Power Management Member=Component D5 1N4148WS
Add Class Member: Failed to add class member : Component R10 RES 15 OHM 0603
Add Class Member: Failed to add class member : Component R11 RES 15 OHM 0603
