Removed Pin From Net: NetName=5VDC Pin=C5-1
Removed Pin From Net: NetName=5VDC Pin=C7-2
Removed Pin From Net: NetName=5VDC Pin=U1-3
Removed Member From Class: ClassName=Power Management Member=D6
Change Component Description : Designator=L1 Old Description=Power Inductor, Aec-Q200, 47Uh, 0.39A Rohs Compliant: Yes New Description=Power Inductor, Aec-Q200, 47Uh, 0.39A Rohs Compliant: Yes |Wurth Elektronik 78438335470
Added Pin To Net: NetName=3V3DC Pin=C5-1
Added Pin To Net: NetName=3V3DC Pin=C7-2
Add Pin To Net: Unknown Pin: Pin R10-1
Add Pin To Net: Unknown Pin: Pin R10-2
Add Pin To Net: Unknown Pin: Pin R11-1
Add Pin To Net: Unknown Pin: Pin R11-2
Added Pin To Net: NetName=3V3DC Pin=U1-3
Added Member To Class: ClassName=Sensor Board Member=Component C33 CAP CER 33uF 1206
Added Member To Class: ClassName=Sensor Board Member=Component C35 CAP CER 100nF 0603
Added Member To Class: ClassName=Sensor Board Member=Component C37 CAP CER 100nF 0603
Added Member To Class: ClassName=Sensor Board Member=Component C39 CAP CER 4.7uF 0805
Added Member To Class: ClassName=Sensor Board Member=Component C41 CAP CER 100nF 0603
Added Member To Class: ClassName=Sensor Board Member=Component C43 CAP CER 100nF 0603
Added Member To Class: ClassName=Sensor Board Member=Component C45 CAP CER 4.7uF 0805
Added Member To Class: ClassName=Power Management Member=Component D3 1N4148WS
Added Member To Class: ClassName=Sensor Board Member=Component D7 LED RED 0805
Added Member To Class: ClassName=Power Management Member=Component D8 1N4148WS
Add Class Member: Failed to add class member : Component R10 RES 15 OHM 0603
Add Class Member: Failed to add class member : Component R11 RES 15 OHM 0603
